<?xml version="1.0" encoding="UTF-8"?>
<testsuite xmlns:xsi="http://www.w3.org/2001/XMLSchema-instance" xsi:noNamespaceSchemaLocation="https://maven.apache.org/surefire/maven-surefire-plugin/xsd/surefire-test-report-3.0.xsd" version="3.0" name="org.praveen.test.AppTest" time="0.329" tests="25" errors="0" skipped="0" failures="0">
  <properties>
    <property name="java.specification.version" value="17"/>
    <property name="sun.jnu.encoding" value="UTF-8"/>
    <property name="java.class.path" value="/Users/praveenkumarthangaraj/Documents/JavaCourse/Udacity/Unit-Test/ParameterizedUnitTesting/target/test-classes:/Users/praveenkumarthangaraj/Documents/JavaCourse/Udacity/Unit-Test/ParameterizedUnitTesting/target/classes:/Users/praveenkumarthangaraj/.m2/repository/org/junit/jupiter/junit-jupiter/5.10.0/junit-jupiter-5.10.0.jar:/Users/praveenkumarthangaraj/.m2/repository/org/junit/jupiter/junit-jupiter-api/5.10.0/junit-jupiter-api-5.10.0.jar:/Users/praveenkumarthangaraj/.m2/repository/org/opentest4j/opentest4j/1.3.0/opentest4j-1.3.0.jar:/Users/praveenkumarthangaraj/.m2/repository/org/junit/platform/junit-platform-commons/1.10.0/junit-platform-commons-1.10.0.jar:/Users/praveenkumarthangaraj/.m2/repository/org/apiguardian/apiguardian-api/1.1.2/apiguardian-api-1.1.2.jar:/Users/praveenkumarthangaraj/.m2/repository/org/junit/jupiter/junit-jupiter-params/5.10.0/junit-jupiter-params-5.10.0.jar:/Users/praveenkumarthangaraj/.m2/repository/org/junit/jupiter/junit-jupiter-engine/5.10.0/junit-jupiter-engine-5.10.0.jar:/Users/praveenkumarthangaraj/.m2/repository/org/junit/platform/junit-platform-engine/1.10.0/junit-platform-engine-1.10.0.jar:"/>
    <property name="java.vm.vendor" value="Oracle Corporation"/>
    <property name="sun.arch.data.model" value="64"/>
    <property name="java.vendor.url" value="https://java.oracle.com/"/>
    <property name="os.name" value="Mac OS X"/>
    <property name="java.vm.specification.version" value="17"/>
    <property name="sun.java.launcher" value="SUN_STANDARD"/>
    <property name="user.country" value="US"/>
    <property name="sun.boot.library.path" value="/Library/Java/JavaVirtualMachines/jdk-17.0.2.jdk/Contents/Home/lib"/>
    <property name="sun.java.command" value="/Users/praveenkumarthangaraj/Documents/JavaCourse/Udacity/Unit-Test/ParameterizedUnitTesting/target/surefire/surefirebooter-20231107200547316_3.jar /Users/praveenkumarthangaraj/Documents/JavaCourse/Udacity/Unit-Test/ParameterizedUnitTesting/target/surefire 2023-11-07T20-05-47_188-jvmRun1 surefire-20231107200547316_1tmp surefire_0-20231107200547316_2tmp"/>
    <property name="http.nonProxyHosts" value="local|*.local|169.254/16|*.169.254/16"/>
    <property name="jdk.debug" value="release"/>
    <property name="surefire.test.class.path" value="/Users/praveenkumarthangaraj/Documents/JavaCourse/Udacity/Unit-Test/ParameterizedUnitTesting/target/test-classes:/Users/praveenkumarthangaraj/Documents/JavaCourse/Udacity/Unit-Test/ParameterizedUnitTesting/target/classes:/Users/praveenkumarthangaraj/.m2/repository/org/junit/jupiter/junit-jupiter/5.10.0/junit-jupiter-5.10.0.jar:/Users/praveenkumarthangaraj/.m2/repository/org/junit/jupiter/junit-jupiter-api/5.10.0/junit-jupiter-api-5.10.0.jar:/Users/praveenkumarthangaraj/.m2/repository/org/opentest4j/opentest4j/1.3.0/opentest4j-1.3.0.jar:/Users/praveenkumarthangaraj/.m2/repository/org/junit/platform/junit-platform-commons/1.10.0/junit-platform-commons-1.10.0.jar:/Users/praveenkumarthangaraj/.m2/repository/org/apiguardian/apiguardian-api/1.1.2/apiguardian-api-1.1.2.jar:/Users/praveenkumarthangaraj/.m2/repository/org/junit/jupiter/junit-jupiter-params/5.10.0/junit-jupiter-params-5.10.0.jar:/Users/praveenkumarthangaraj/.m2/repository/org/junit/jupiter/junit-jupiter-engine/5.10.0/junit-jupiter-engine-5.10.0.jar:/Users/praveenkumarthangaraj/.m2/repository/org/junit/platform/junit-platform-engine/1.10.0/junit-platform-engine-1.10.0.jar:"/>
    <property name="sun.cpu.endian" value="little"/>
    <property name="user.home" value="/Users/praveenkumarthangaraj"/>
    <property name="user.language" value="en"/>
    <property name="java.specification.vendor" value="Oracle Corporation"/>
    <property name="java.version.date" value="2022-01-18"/>
    <property name="java.home" value="/Library/Java/JavaVirtualMachines/jdk-17.0.2.jdk/Contents/Home"/>
    <property name="file.separator" value="/"/>
    <property name="basedir" value="/Users/praveenkumarthangaraj/Documents/JavaCourse/Udacity/Unit-Test/ParameterizedUnitTesting"/>
    <property name="java.vm.compressedOopsMode" value="Zero based"/>
    <property name="line.separator" value="&#10;"/>
    <property name="java.specification.name" value="Java Platform API Specification"/>
    <property name="java.vm.specification.vendor" value="Oracle Corporation"/>
    <property name="surefire.real.class.path" value="/Users/praveenkumarthangaraj/Documents/JavaCourse/Udacity/Unit-Test/ParameterizedUnitTesting/target/surefire/surefirebooter-20231107200547316_3.jar"/>
    <property name="sun.management.compiler" value="HotSpot 64-Bit Tiered Compilers"/>
    <property name="ftp.nonProxyHosts" value="local|*.local|169.254/16|*.169.254/16"/>
    <property name="java.runtime.version" value="17.0.2+8-LTS-86"/>
    <property name="user.name" value="praveenkumarthangaraj"/>
    <property name="path.separator" value=":"/>
    <property name="os.version" value="14.0"/>
    <property name="java.runtime.name" value="Java(TM) SE Runtime Environment"/>
    <property name="file.encoding" value="UTF-8"/>
    <property name="java.vm.name" value="Java HotSpot(TM) 64-Bit Server VM"/>
    <property name="localRepository" value="/Users/praveenkumarthangaraj/.m2/repository"/>
    <property name="java.vendor.url.bug" value="https://bugreport.java.com/bugreport/"/>
    <property name="java.io.tmpdir" value="/var/folders/45/s5f_dqjd2kq0j3gyqt535glh0000gn/T/"/>
    <property name="idea.version" value="2021.3.2"/>
    <property name="java.version" value="17.0.2"/>
    <property name="user.dir" value="/Users/praveenkumarthangaraj/Documents/JavaCourse/Udacity/Unit-Test/ParameterizedUnitTesting"/>
    <property name="os.arch" value="x86_64"/>
    <property name="java.vm.specification.name" value="Java Virtual Machine Specification"/>
    <property name="native.encoding" value="UTF-8"/>
    <property name="java.library.path" value="/Users/praveenkumarthangaraj/Library/Java/Extensions:/Library/Java/Extensions:/Network/Library/Java/Extensions:/System/Library/Java/Extensions:/usr/lib/java:."/>
    <property name="java.vm.info" value="mixed mode, sharing"/>
    <property name="java.vendor" value="Oracle Corporation"/>
    <property name="java.vm.version" value="17.0.2+8-LTS-86"/>
    <property name="sun.io.unicode.encoding" value="UnicodeBig"/>
    <property name="socksNonProxyHosts" value="local|*.local|169.254/16|*.169.254/16"/>
    <property name="java.class.version" value="61.0"/>
  </properties>
  <testcase name="addTwoNumbers_bothDynamicNumberViaArgumentProvider_returnAdditionOfDynamicNumbersViaArgument(int, int, int)[1]" classname="org.praveen.test.AppTest" time="0.058"/>
  <testcase name="addTwoNumbers_bothDynamicNumberViaArgumentProvider_returnAdditionOfDynamicNumbersViaArgument(int, int, int)[2]" classname="org.praveen.test.AppTest" time="0.004"/>
  <testcase name="addTwoNumbers_bothDynamicNumber_returnAdditionOfDynamicNumbers(int, int, int)[1]" classname="org.praveen.test.AppTest" time="0.004"/>
  <testcase name="addTwoNumbers_bothDynamicNumber_returnAdditionOfDynamicNumbers(int, int, int)[2]" classname="org.praveen.test.AppTest" time="0.003"/>
  <testcase name="addTwoNumbers_bothDynamicNumber_returnAdditionOfDynamicNumbers(int, int, int)[3]" classname="org.praveen.test.AppTest" time="0.002"/>
  <testcase name="addTwoNumbers_bothDynamicNumber_returnAdditionOfDynamicNumbers(int, int, int)[4]" classname="org.praveen.test.AppTest" time="0.005"/>
  <testcase name="addTwoNumbers_fiveAndSix_returnsEleven" classname="org.praveen.test.AppTest" time="0.004"/>
  <testcase name="addTwoNumbers_checkException" classname="org.praveen.test.AppTest" time="0.004"/>
  <testcase name="addTwoNumbers_checkException" classname="org.praveen.test.AppTest" time="0.001"/>
  <testcase name="addTwoNumbers_checkException" classname="org.praveen.test.AppTest" time="0.001"/>
  <testcase name="addTwoNumbers_checkException" classname="org.praveen.test.AppTest" time="0.0"/>
  <testcase name="addTwoNumbers_checkException" classname="org.praveen.test.AppTest" time="0.0"/>
  <testcase name="addTwoNumbers_checkException" classname="org.praveen.test.AppTest" time="0.001"/>
  <testcase name="addTwoNumbers_checkException" classname="org.praveen.test.AppTest" time="0.001"/>
  <testcase name="addTwoNumbers_checkException" classname="org.praveen.test.AppTest" time="0.002"/>
  <testcase name="addTwoNumbers_checkException" classname="org.praveen.test.AppTest" time="0.002"/>
  <testcase name="addTwoNumbers_checkException" classname="org.praveen.test.AppTest" time="0.001"/>
  <testcase name="addTwoNumbers_SixAndDynamicNumber_returnDynamicNumberPlusSix(int)[1]" classname="org.praveen.test.AppTest" time="0.001"/>
  <testcase name="addTwoNumbers_SixAndDynamicNumber_returnDynamicNumberPlusSix(int)[2]" classname="org.praveen.test.AppTest" time="0.001"/>
  <testcase name="addTwoNumbers_SixAndDynamicNumber_returnDynamicNumberPlusSix(int)[3]" classname="org.praveen.test.AppTest" time="0.0"/>
  <testcase name="addTwoNumbers_SixAndDynamicNumber_returnDynamicNumberPlusSix(int)[4]" classname="org.praveen.test.AppTest" time="0.002"/>
  <testcase name="addTwoNumbers_SixAndDynamicNumber_returnDynamicNumberPlusSix(int)[5]" classname="org.praveen.test.AppTest" time="0.001"/>
  <testcase name="addTwoNumbers_SixAndDynamicNumberViaEnum_returnDynamicNumberPlusSix(GenerateNumber)[1]" classname="org.praveen.test.AppTest" time="0.001"/>
  <testcase name="addTwoNumbers_SixAndDynamicNumberViaEnum_returnDynamicNumberPlusSix(GenerateNumber)[2]" classname="org.praveen.test.AppTest" time="0.002"/>
  <testcase name="addTwoNumbers_SixAndDynamicNumberViaEnum_returnDynamicNumberPlusSix(GenerateNumber)[3]" classname="org.praveen.test.AppTest" time="0.001"/>
</testsuite>